Lecture2/MDFDemo/app/build/intermediates/manifest_merge_blame_file/debug/manifest-merger-blame-debug-report.txt
1<?xml version="1.0" encoding="utf-8"?>
2<manifest xmlns:android="http://schemas.android.com/apk/res/android"
3    package="mobiledev.unb.ca.mdfdemo"
4    android:versionCode="1"
5    android:versionName="1.0" >
6
7    <uses-sdk
8        android:minSdkVersion="19"
8-->src\main\AndroidManifest.xml
9        android:targetSdkVersion="29" />
9-->src\main\AndroidManifest.xml
10
11    <application
11-->src\main\AndroidManifest.xml:5:5-32:19
12        android:allowBackup="true"
12-->src\main\AndroidManifest.xml:6:9-35
13        android:appComponentFactory="androidx.core.app.CoreComponentFactory"
13-->[androidx.core:core:1.3.0] AndroidManifest.xml:24:18-86
14        android:debuggable="true"
15        android:icon="@mipmap/ic_launcher"
15-->src\main\AndroidManifest.xml:7:9-43
16        android:label="@string/app_name"
16-->src\main\AndroidManifest.xml:8:9-41
17        android:roundIcon="@mipmap/ic_launcher_round"
17-->src\main\AndroidManifest.xml:9:9-54
18        android:supportsRtl="true"
18-->src\main\AndroidManifest.xml:10:9-35
19        android:testOnly="true"
20        android:theme="@style/AppTheme" >
20-->src\main\AndroidManifest.xml:11:9-40
21        <activity
21-->src\main\AndroidManifest.xml:13:9-22:20
22            android:name="mobiledev.unb.ca.mdfdemo.ItemListActivity"
22-->src\main\AndroidManifest.xml:14:13-45
23            android:label="@string/app_name"
23-->src\main\AndroidManifest.xml:15:13-45
24            android:theme="@style/AppTheme.NoActionBar" >
24-->src\main\AndroidManifest.xml:16:13-56
25            <intent-filter>
25-->src\main\AndroidManifest.xml:17:13-21:29
26                <action android:name="android.intent.action.MAIN" />
26-->src\main\AndroidManifest.xml:18:17-69
26-->src\main\AndroidManifest.xml:18:25-66
27
28                <category android:name="android.intent.category.LAUNCHER" />
28-->src\main\AndroidManifest.xml:20:17-77
28-->src\main\AndroidManifest.xml:20:27-74
29            </intent-filter>
30        </activity>
31        <activity
31-->src\main\AndroidManifest.xml:23:9-31:20
32            android:name="mobiledev.unb.ca.mdfdemo.ItemDetailActivity"
32-->src\main\AndroidManifest.xml:24:13-47
33            android:label="@string/title_item_detail"
33-->src\main\AndroidManifest.xml:25:13-54
34            android:parentActivityName="mobiledev.unb.ca.mdfdemo.ItemListActivity"
34-->src\main\AndroidManifest.xml:26:13-59
35            android:theme="@style/AppTheme.NoActionBar" >
35-->src\main\AndroidManifest.xml:27:13-56
36            <meta-data
36-->src\main\AndroidManifest.xml:28:13-30:53
37                android:name="android.support.PARENT_ACTIVITY"
37-->src\main\AndroidManifest.xml:29:17-63
38                android:value=".ItemListActivity" />
38-->src\main\AndroidManifest.xml:30:17-50
39        </activity>
40    </application>
41
42</manifest>